1.3.6.1.6.3.10
1.3.6.1.4.1.9.9.485
1.3.6.1.2.1.10.15
1.3.6.1.6.3.10.1.1.1
1.3.6.1.4.1.9
1.3.6.1.2.1.30
1.3.6.1.4.1.9.9.42
1.3.6.1.2.1.25
1.3.6.1.2.1.10.7
1.3.6.1.2.1.27
1.3.6.1.4.1.351.110.5.5.2.1
1.3.6.1.4.1.9.9.329
1.3.6.1.4.1.9.9.759
1.3.6.1.4.1.9.10.102
1.3.6.1.4.1.9.9.173
1.3.6.1.4.1.9.9.9999
1.3.6.1.4.1.9.10.62
1.3.6.1.4.1.9.9.229
1.3.6.1.4.1.351.110.5.3.2.1
1.3.6.1.4.1.9.9.457
1.3.6.1.4.1.9.9.35
1.3.6.1.4.1.353.2.1.1
1.3.6.1.4.1.9.10.48
1.3.6.1.4.1.9.10.89
1.3.6.1.4.1.3076.1.1.28.2
1.3.6.1.4.1.3076.1.1.35.2
1.3.6.1.4.1.9.9.54
1.3.6.1.4.1.9.9.995
1.3.6.1.4.1.9.9.309
1.3.6.1.4.1.351.110.5.5.5
1.3.6.1.4.1.9.12.1
1.3.6.1.4.1.9.9.773
1.3.6.1.4.1.9.9.3228
1.3.6.1.4.1.9.9.147
1.3.6.1.4.1.9.10.999
1.3.6.1.4.1.9.10.117
1.3.6.1.4.1.9.9.451
1.3.6.1.4.1.9.9.76
1.3.6.1.4.1.9.10.98
1.3.6.1.4.1.9.9.37
1.3.6.1.4.1.9.9.422
1.3.6.1.4.1.9.9.78
1.3.6.1.4.1.9.9.85
1.3.6.1.4.1.351.110.5.3.1
1.3.6.1.4.1.119
1.3.6.1.4.1.9.9.351
1.3.6.1.4.1.9.9.455
1.3.6.1.4.1.9.9.584
1.3.6.1.4.1.9.9.275
1.3.6.1.4.1.351.110.5.5.3.1.1
1.3.6.1.4.1.9.10.43
1.3.6.1.4.1.9.9.195
1.3.6.1.4.1.9.9.510
1.3.6.1.4.1.9.9.122
1.3.6.1.4.1.9.9.454
1.3.6.1.4.1.9.9.590
1.3.6.1.4.1.5655
1.3.6.1.4.1.9.14.1
1.3.6.1.4.1.9.9.372
1.3.6.1.4.1.9.9.277
1.3.6.1.4.1.9.9.190
1.3.6.1.4.1.351.110.5.1.1.1.1
1.3.6.1.4.1.9.9.264
1.3.6.1.4.1.9.9.284
1.3.6.1.4.1.9.9.589
1.3.6.1.4.1.9.9.87
1.3.6.1.4.1.9.9.365
1.3.6.1.3.59
1.3.6.1.4.1.9.9.407
1.3.6.1.4.1.9.9.758
1.3.6.1.4.1.9.9.576
1.3.6.1.4.1.9.9.623
1.3.6.1.4.1.9.9.639
1.3.6.1.4.1.9.9.202
1.3.6.1.4.1.9.9.189
1.3.6.1.3.118
1.3.6.1.4.1.9.9.288
1.3.6.1.4.1.9.9.432
1.3.6.1.4.1.3076.1.1.13.2
1.3.6.1.4.1.9.9.63
1.3.6.1.4.1.9.9.720
1.3.6.1.4.1.9.9.458
1.3.6.1.4.1.9.9.99990
1.3.6.1.4.1.9.9.654
1.3.6.1.4.1.9.9.525
1.3.6.1.4.1.9.10.120
1.3.6.1.4.1.9.10.67
1.3.6.1.4.1.9.9.592
1.3.6.1.4.1.9.9.775
1.3.6.1.4.1.9.9.13
1.3.6.1.4.1.9.9.474
1.3.6.1.4.1.9.9.725
1.3.6.1.4.1.9.9.91
1.3.6.1.4.1.9.10.37
1.3.6.1.4.1.9.9.466
1.3.6.1.4.1.9.9.201
1.3.6.1.4.1.351.110.5.1.2.1
1.3.6.1.4.1.9.9.17
1.3.6.1.4.1.9.9.168
1.3.6.1.4.1.9.10.76
1.3.6.1.4.1.351.110.5.2.6.1.2
1.3.6.1.4.1.9.9.312
1.3.6.1.4.1.9.9.64
1.3.6.1.4.1.3076.1.1.52.2
1.3.6.1.4.1.9.9.317
1.3.6.1.4.1.351.110.5.1.1.1.5.1
1.3.6.1.4.1.9.9.161
1.3.6.1.4.1.9.9.730
1.3.6.1.4.1.351.110.5.5.10
1.3.6.1.4.1.9.9.191
1.3.6.1.4.1.9.9.57
1.3.6.1.4.1.9.9.373
1.3.6.1.4.1.9.9.326
1.3.6.1.4.1.9.9.375
1.3.6.1.4.1.9.9.716
1.3.6.1.4.1.9.9.109
1.3.6.1.4.1.9.9.67
1.3.6.1.4.1.9.9.637
1.3.6.1.4.1.9.9.513.1.6.1
1.3.6.1.4.1.9.9.149
1.3.6.1.4.1.9.9.740
1.3.6.1.4.1.351.120
1.3.6.1.4.1.9.9.611
1.3.6.1.4.1.351.110.3.15
1.3.6.1.4.1.9.9.73
1.3.6.1.4.1.9.9.495
1.3.6.1.4.1.9.9.760
1.3.6.1.4.1.9.9.507
1.3.6.1.4.1.9.9.27
1.3.6.1.4.1.9.9.249
1.3.6.1.4.1.9.9.663
1.3.6.1.4.1.9.10.19
1.3.6.1.4.1.9.9.732
1.3.6.1.4.1.9.9.597
1.3.6.1.4.1.9.9.124
1.3.6.1.4.1.353
1.3.6.1.4.1.9.9.245
1.3.6.1.4.1.9.7.23999
1.3.6.1.4.1.9.9.243
1.3.6.1.4.1.9.9.332
1.3.6.1.4.1.9.9.319
1.3.6.1.4.1.9.9.238
1.3.6.1.4.1.9.9.667
1.3.6.1.4.1.9.9.405
1.3.6.1.4.1.9.9.148
1.3.6.1.4.1.9.9.688
1.3.6.1.4.1.351.110.2.9
1.3.6.1.4.1.9.9.548
1.3.6.1.4.1.9.9.612
1.3.6.1.4.1.5655.3.1
1.3.6.1.4.1.9.9.784
1.3.6.1.4.1.351.110.2.8
1.3.6.1.4.1.9.7.505
1.3.6.1.4.1.9.9.221
1.3.6.1.4.1.9.9.59
1.3.6.1.4.1.351.110
1.3.6.1.4.1.9.9.344
1.3.6.1.4.1.9.9.361
1.3.6.1.4.1.7185
1.3.6.1.4.1.9.9.420
1.3.6.1.4.1.9.10.9
1.3.6.1.4.1.9.9.743
1.3.6.1.4.1.9.9.371
1.3.6.1.4.1.9.9.513
1.3.6.1.4.1.9.10.28
1.3.6.1.4.1.9.9.44
1.3.6.1.4.1.9.9.822
1.3.6.1.4.1.351.110.5.5.18
1.3.6.1.4.1.351.110.5.1.1.1.2.1
1.3.6.1.4.1.9.9.389
1.3.6.1.4.1.9.9.314
1.3.6.1.4.1.9.10.29
1.3.6.1.4.1.9.9.183
1.3.6.1.4.1.9.9.660
1.3.6.1.4.1.9.9.683
1.3.6.1.4.1.9.9.424
1.3.6.1.4.1.9.9.236
1.3.6.1.4.1.9.9.296
1.3.6.1.4.1.9.9.696
1.3.6.1.4.1.9.9.271
1.3.6.1.4.1.9.9.842
1.3.6.1.4.1.9.9.793
1.3.6.1.4.1.9.10.116
1.3.6.1.4.1.9.9.77
1.3.6.1.4.1.9.9.163
1.3.6.1.4.1.9.9.395
1.3.6.1.4.1.9.9.179
1.3.6.1.4.1.351.110.1.1.1
1.3.6.1.4.1.9.9.594
1.3.6.1.4.1.9.7.501
1.3.6.1.3.90
1.3.6.1.4.1.9.9.144
1.3.6.1.4.1.9.9.764
1.3.6.1.4.1.9.9.151
1.3.6.1.4.1.9.10.13
1.3.6.1.4.1.9.9.742
1.3.6.1.4.1.9.10.74
1.3.6.1.4.1.9.9.262
1.3.6.1.4.1.9.9.287
1.3.6.1.4.1.9.9.99998
1.3.6.1.4.1.9.9.20
1.3.6.1.4.1.351.110.4.3.1.3.2
1.3.6.1.4.1.9.9.386
1.3.6.1.4.1.9.9.300
1.3.6.1.4.1.9.9.853
1.3.6.1.4.1.9.9.99999
1.3.6.1.4.1.351.110.3.17
1.3.6.1.4.1.9.9.219
1.3.6.1.4.1.9.9.441
1.3.6.1.4.1.9.9.369
1.3.6.1.4.1.9.9.748
1.3.6.1.4.1.9.10.60
1.3.6.1.4.1.351.110.3.10
1.3.6.1.4.1.9.10.2
1.3.6.1.4.1.9.9.602
1.3.6.1.4.1.3076.1.1.40.2
1.3.6.1.4.1.3076.1.1.27.2
1.3.6.1.4.1.9.9.69
1.3.6.1.4.1.9.10.136
1.3.6.1.4.1.9.9.413
1.3.6.1.4.1.9.9.715
1.3.6.1.4.1.9.10.14
1.3.6.1.4.1.9.10.95
1.3.6.1.4.1.9.9.619
1.3.6.1.4.1.9.9.10
1.3.6.1.4.1.9.10.94
1.3.6.1.4.1.9.9.181
1.3.6.1.4.1.9.3.3
1.3.6.1.4.1.9.9.798
1.3.6.1.4.1.9.9.269
1.3.6.1.4.1.17471
1.3.6.1.4.1.9.9.42.1.3.8
1.3.6.1.4.1.9.9.36
1.3.6.1.4.1.9.9.185
1.3.6.1.4.1.351.150.9
1.3.6.1.4.1.9.9.777
1.3.6.1.4.1.9.9.729
1.3.6.1.4.1.9.9.766
1.3.6.1.4.1.9.9.1302
1.3.6.1.4.1.9.9.408
1.3.6.1.4.1.3076.1.1.45.2
1.3.6.1.4.1.9.9.257
1.3.6.1.4.1.9.9.301
1.3.6.1.4.1.351.110.4.5.1
1.3.6.1.4.1.351.910
1.3.6.1.4.1.9.9.364
1.3.6.1.4.1.9.9.719
1.3.6.1.4.1.9.9.695
1.3.6.1.4.1.9.9.217
1.3.6.1.4.1.7505
1.3.6.1.4.1.9.9.255
1.3.6.1.4.1.351.110.3.16
1.3.6.1.4.1.9.9.103
1.3.6.1.4.1.9.9.512
1.3.6.1.4.1.351.150.7
1.3.6.1.4.1.9.9.500
1.3.6.1.4.1.9.9.733
1.3.6.1.4.1.1869
1.3.6.1.4.1.9.9.224
1.3.6.1.4.1.9.9.46
1.3.6.1.4.1.9.9.807
1.3.6.1.2.1.10.127.6
1.3.6.1.4.1.9.9.651
1.3.6.1.4.1.9.9.273
1.3.6.1.4.1.9.9.700
1.3.6.1.4.1.9.9.270
1.3.6.1.4.1.9.9.388
1.3.6.1.4.1.9.9.324
1.3.6.1.4.1.9.9.523
1.3.6.1.4.1.9.9.721
1.3.6.1.4.1.9.9.295
1.3.6.1.4.1.9.9.335
1.3.6.1.4.1.4491.2.1.6
1.3.6.1.4.1.9.9.169
1.3.6.1.4.1.9.9.362
1.3.6.1.4.1.9.10.32
1.3.6.1.4.1.9.10.131
1.3.6.1.4.1.9.10.122
1.3.6.1.4.1.9.10.138
1.3.6.1.4.1.9.9.626
1.3.6.1.4.1.9.9.655
1.3.6.1.4.1.351.110.5.5.2.2
1.3.6.1.4.1.351.150.24
1.3.6.1.4.1.9.10.53
1.3.6.1.4.1.9.9.233
1.3.6.1.4.1.9.9.92
1.3.6.1.4.1.9.9.436
1.3.6.1.4.1.351.110.5.2.6.1.1
1.3.6.1.4.1.4491
1.3.6.1.4.1.9.9.110
1.3.6.1.4.1.9.9.803
1.3.6.1.4.1.9.9.115
1.3.6.1.4.1.3076.1.1.11.2
1.3.6.1.4.1.9.9.305
1.3.6.1.4.1.224
1.3.6.1.4.1.4491.2.1.23
1.3.6.1.4.1.351.110.1.2.1
1.3.6.1.4.1.9.9.490
1.3.6.1.4.1.9.9.378
1.3.6.1.2.1.10.94.1.1.16.2
1.3.6.1.4.1.9.9.331
1.3.6.1.4.1.9.9.479
1.3.6.1.4.1.9.9.390
1.3.6.1.4.1.9.9.299
1.3.6.1.4.1.9.9.782
1.3.6.1.4.1.9.10.11
1.3.6.1.4.1.9.9.1301
1.3.6.1.4.1.9.9.99997
1.3.6.1.4.1.9.9.9992
1.3.6.1.4.1.9.9.620
1.3.6.1.4.1.9.10.73
1.3.6.1.4.1.9.9.593
1.3.6.1.4.1.9.9.176
1.3.6.1.4.1.9.10.23
1.3.6.1.4.1.9.10.97
1.3.6.1.4.1.9.9.578
1.3.6.1.4.1.9.9.339
1.3.6.1.4.1.9.9.423
1.3.6.1.4.1.9.9.113
1.3.6.1.4.1.9.9.62
1.3.6.1.4.1.9.9.88
1.3.6.1.4.1.9.9.94
1.3.6.1.4.1.9.10.69
1.3.6.1.4.1.351.150.18
1.3.6.1.4.1.9.9.45
1.3.6.1.4.1.9.9.32
1.3.6.1.4.1.9.9.416
1.3.6.1.4.1.9.9.731
1.3.6.1.4.1.9.10.93
1.3.6.1.4.1.9.9.433
1.3.6.1.4.1.9.9.577
1.3.6.1.4.1.9.10.77
1.3.6.1.4.1.351.110.1.4.1.1
1.3.6.1.4.1.9.9.459
1.3.6.1.4.1.9.9.9993
1.3.6.1.4.1.9.10.24
1.3.6.1.4.1.9.9.278
1.3.6.1.4.1.9.9.399
1.3.6.1.4.1.9.9.367
1.3.6.1.4.1.9.9.240
1.3.6.1.4.1.9.10.45
1.3.6.1.4.1.9.10.90
1.3.6.1.4.1.9.9.99
1.3.6.1.4.1.3076.1.1.41.2
1.3.6.1.4.1.9.9.80
1.3.6.1.4.1.9.9.708
1.3.6.1.4.1.9.10.575
1.3.6.1.4.1.9.9.421
1.3.6.1.4.1.9.9.55
1.3.6.1.4.1.9.9.412
1.3.6.1.4.1.9.9.472
1.3.6.1.4.1.9.7.504
1.3.6.1.4.1.9.10.51
1.3.6.1.4.1.9.9.244
1.3.6.1.4.1.9.9.281
1.3.6.1.4.1.9.9.483
1.3.6.1.4.1.9.9.52
1.3.6.1.4.1.9.9.152
1.3.6.1.4.1.9.9.341
1.3.6.1.4.1.9.9.385
1.3.6.1.4.1.351.110.5.3.1.2
1.3.6.1.4.1.9.9.112
1.3.6.1.4.1.3076.1.1.16.2
1.3.6.1.4.1.9.9.449
1.3.6.1.4.1.9.9.343
1.3.6.1.4.1.9.9.241
1.3.6.1.4.1.9.9.222
1.3.6.1.4.1.9.9.827
1.3.6.1.4.1.9.9.447
1.3.6.1.4.1.9.9.237
1.3.6.1.4.1.3076.1.1.12.2
1.3.6.1.4.1.9.9.627
1.3.6.1.4.1.9.9.633
1.3.6.1.4.1.9.9.235
1.3.6.1.4.1.351
1.3.6.1.4.1.494
1.3.6.1.4.1.9.9.741
1.3.6.1.4.1.9.10.52
1.3.6.1.4.1.9.9.427
1.3.6.1.4.1.9.9.836
1.3.6.1.3.83.4
1.3.6.1.4.1.3076.1.1.32.2
1.3.6.1.4.1.9.9.289
1.3.6.1.4.1.9.9.774
1.3.6.1.4.1.9.9.261
1.3.6.1.4.1.9.9.226
1.3.6.1.4.1.9.9.159
1.3.6.1.4.1.9.9.132
1.3.6.1.4.1.9.9.180
1.3.6.1.4.1.9.9.29
1.3.6.1.4.1.9.9.434
1.3.6.1.4.1.9.10.85
1.3.6.1.4.1.3076
1.3.6.1.4.1.9.10.141
1.3.6.1.4.1.9.9.53
1.3.6.1.4.1.9.9.635
1.3.6.1.4.1.9.9.136
1.3.6.1.4.1.9.9.227
1.3.6.1.4.1.9.9.360
1.3.6.1.4.1.9.10.145
1.3.6.1.4.1.9.9.749
1.3.6.1.4.1.9.9.24
1.3.6.1.4.1.9.9.68
1.3.6.1.4.1.9.9.521
1.3.6.1.4.1.9.10.99999
1.3.6.1.4.1.351.150.15
1.3.6.1.4.1.9.9.751
1.3.6.1.4.1.9.9.146
1.3.6.1.4.1.9.10.10
1.3.6.1.4.1.9.9.297
1.3.6.1.4.1.9.9.473
1.3.6.1.4.1.9.9.645
1.3.6.1.4.1.9.9.230
1.3.6.1.4.1.9.9.769
1.3.6.1.4.1.351.150.10
1.3.6.1.4.1.9.2.1
1.3.6.1.4.1.9.9.8888
1.3.6.1.4.1.9.9.428
1.3.6.1.4.1.9.9.121
1.3.6.1.4.1.9.9.175
1.3.6.1.4.1.9.10.84
1.3.6.1.4.1.9.9.614
1.3.6.1.4.1.9.9.701
1.3.6.1.4.1.9.2.4
1.3.6.1.4.1.9.9.379
1.3.6.1.4.1.9.9.223
1.3.6.1.4.1.9.9.712
1.3.6.1.4.1.9.10.46
1.3.6.1.4.1.9.9.282
1.3.6.1.4.1.9.9.160
1.3.6.1.4.1.9.9.624
1.3.6.1.4.1.9.9.739
1.3.6.1.4.1.9.9.672
1.3.6.1.4.1.3076.1.1.14.2
1.3.6.1.4.1.9.9.828
1.3.6.1.4.1.3076.1.1.38.2
1.3.6.1.4.1.351.110.4.4.1.1
1.3.6.1.4.1.9.9.448
1.3.6.1.4.1.9.9.138
1.3.6.1.4.1.9.9.356
1.3.6.1.4.1.9.10.83
1.3.6.1.3.60
1.3.6.1.4.1.9.9.718
1.3.6.1.4.1.9.9.606
1.3.6.1.4.1.4491.4.2
1.3.6.1.4.1.9.9.999999
1.3.6.1.4.1.9.9.785
1.3.6.1.4.1.9.10.4
1.3.6.1.4.1.9.10.130
1.3.6.1.4.1.351.110.5.5.20
1.3.6.1.4.1.9.9.177
1.3.6.1.4.1.9.9.66
1.3.6.1.2.1.10.127.21
1.3.6.1.4.1.9.9.792
1.3.6.1.4.1.351.110.5.5.3.3
1.3.6.1.4.1.9.9.680
1.3.6.1.4.1.9.10.99
1.3.6.1.4.1.9.9.158
1.3.6.1.4.1.9.9.102
1.3.6.1.4.1.9.18.2.1
1.3.6.1.4.1.9.9.791
1.3.6.1.4.1.9.9.824
1.3.6.1.4.1.9.9.139
1.3.6.1.4.1.9.10.12
1.3.6.1.4.1.9.9.129
1.3.6.1.4.1.9.9.689
1.3.6.1.4.1.9.9.363
1.3.6.1.4.1.9.9.31
1.3.6.1.4.1.9.9.322
1.3.6.1.4.1.9.9.819
1.3.6.1.4.1.9.9.772
1.3.6.1.4.1.9.9.107
1.3.6.1.4.1.9.9.336
1.3.6.1.4.1.9.9.745
1.3.6.1.4.1.9.9.595
1.3.6.1.3.92
1.3.6.1.4.1.9.9.48
1.3.6.1.4.1.9.9.848
1.3.6.1.4.1.9.10.68
1.3.6.1.4.1.9.9.25
1.3.6.1.4.1.9.9.488
1.3.6.1.4.1.9.9.670
1.3.6.1.4.1.351.150.3
1.3.6.1.4.1.9.9.1300
1.3.6.1.4.1.9.9.34
1.3.6.1.4.1.9.9.511
1.3.6.1.4.1.9.12.5
1.3.6.1.4.1.9.10.8
1.3.6.1.4.1.9.9.157
1.3.6.1.4.1.9.9.105
1.3.6.1.4.1.9.9.821
1.3.6.1.4.1.9.9.248
1.3.6.1.4.1.351.110.5.2.9.1.1
1.3.6.1.4.1.9.9.198
1.3.6.1.4.1.351.110.5.5.3.4
1.3.6.1.4.1.9.9.467
1.3.6.1.4.1.9.9.164
1.3.6.1.4.1.9.10.147
1.3.6.1.4.1.9.9.192
1.3.6.1.4.1.9.9.140
1.3.6.1.4.1.351.110.5.2.7.1.1
1.3.6.1.4.1.9.9.254
1.3.6.1.4.1.9.9.178
1.3.6.1.4.1.9.9.384
1.3.6.1.4.1.9.9.134
1.3.6.1.4.1.9.9.813
1.3.6.1.4.1.9.9.23
1.3.6.1.4.1.9.9.47
1.3.6.1.4.1.9.9.6
1.3.6.1.4.1.3076.1.1.24.2
1.3.6.1.4.1.9.10.35
1.3.6.1.4.1.9.10.87
1.3.6.1.4.1.9.9.9968
1.3.6.1.4.1.9.9.814
1.3.6.1.4.1.9.10.9000
1.3.6.1.4.1.9.9.768
1.3.6.1.4.1.351.150.17
1.3.6.1.4.1.9.9.215
1.3.6.1.4.1.9.9.89
1.3.6.1.4.1.9.9.172
1.3.6.1.4.1.9.9.492
1.3.6.1.4.1.9.9.456
1.3.6.1.4.1.9.9.522
1.3.6.1.4.1.9.9.750
1.3.6.1.4.1.9.9.242
1.3.6.1.4.1.9.9.691
1.3.6.1.4.1.9.9.706
1.3.6.1.4.1.9.9.383
1.3.6.1.4.1.351.150.5
1.3.6.1.4.1.9.9.801
1.3.6.1.4.1.9.2.10
1.3.6.1.4.1.9.9.790
1.3.6.1.4.1.9.9.41
1.3.6.1.4.1.9.9.636
1.3.6.1.4.1.9.9.96
1.3.6.1.4.1.9.10.65
1.3.6.1.4.1.9.9.285
1.3.6.1.4.1.9.9.702
1.3.6.1.4.1.351.110.5.3.2.2
1.3.6.1.4.1.9.9.783
1.3.6.1.4.1.9.9.391
1.3.6.1.4.1.9.9.167
1.3.6.1.4.1.9.9.617
1.3.6.1.4.1.9.9.187
1.3.6.1.4.1.9.9.642
1.3.6.1.4.1.9.9.831
1.3.6.1.4.1.9.9.137
1.3.6.1.4.1.9.9.638
1.3.6.1.4.1.9.9.812
1.3.6.1.4.1.9.9.762
1.3.6.1.4.1.351.110.5.2.9.2
1.3.6.1.4.1.9.10.25
1.3.6.1.4.1.9.9.286
1.3.6.1.4.1.9.9.856
1.3.6.1.4.1.9.9.431
1.3.6.1.4.1.351.110.3.24
1.3.6.1.4.1.9.9.376
1.3.6.1.4.1.9.9.439
1.3.6.1.4.1.9.9.128
1.3.6.1.4.1.9.9.761
1.3.6.1.4.1.3076.1.1.42.2
1.3.6.1.4.1.9.9.33
1.3.6.1.4.1.9.9.392
1.3.6.1.4.1.9.9.648
1.3.6.1.4.1.9.10.26
1.3.6.1.4.1.351.150.19
1.3.6.1.4.1.9.9.494
1.3.6.1.4.1.9.9.837
1.3.6.1.4.1.9.10.16
1.3.6.1.4.1.9.12.4
1.3.6.1.4.1.9.9.65
1.3.6.1.4.1.351.150.2
1.3.6.1.4.1.9.9.997
1.3.6.1.4.1.9.7.506
1.3.6.1.4.1.351.150.21
1.3.6.1.4.1.9.9.858
1.3.6.1.4.1.9.9.519
1.3.6.1.4.1.9.9.120
1.3.6.1.4.1.9.9.9399
1.3.6.1.4.1.9.9.234
1.3.6.1.4.1.9.9.957
1.3.6.1.4.1.9.9.415
1.3.6.1.4.1.9.9.435
1.3.6.1.4.1.9.9.430
1.3.6.1.4.1.9.9.265
1.3.6.1.4.1.9.9.402
1.3.6.1.4.1.4491.2.1.3
1.3.6.1.4.1.9.9.653
1.3.6.1.4.1.9.9.83
1.3.6.1.4.1.9.9.19
1.3.6.1.4.1.9.9.133
1.3.6.1.4.1.9.9.260
1.3.6.1.4.1.351.110.6.2
1.3.6.1.4.1.9.9.520
1.3.6.1.4.1.9.9.141
1.3.6.1.4.1.9.9.530
1.3.6.1.4.1.5655.2.4
1.3.6.1.4.1.3076.1.1.3.1
1.3.6.1.4.1.4491.2.1.5
1.3.6.1.4.1.9.9.220
1.3.6.1.4.1.9.10.104
1.3.6.1.4.1.9.9.573
1.3.6.1.4.1.9.1.1
1.3.6.1.4.1.3076.1.1.37.2
1.3.6.1.4.1.9.9.817
1.3.6.1.4.1.9.9.616
1.3.6.1.4.1.9.9.106
1.3.6.1.4.1.9.10.75
1.3.6.1.4.1.9.9.969
1.3.6.1.4.1.9.9.533
1.3.6.1.4.1.9.9.50
1.3.6.1.4.1.9.9.438
1.3.6.1.4.1.9.10.113
1.3.6.1.4.1.9.9.426
1.3.6.1.4.1.9.9.753
1.3.6.1.4.1.9.9.838
1.3.6.1.4.1.9.5.0
1.3.6.1.4.1.9.9.228
1.3.6.1.4.1.353.2.11.1
1.3.6.1.4.1.9.10.41
1.3.6.1.4.1.9.9.280
1.3.6.1.4.1.9.9.290
1.3.6.1.4.1.9.9.99996
1.3.6.1.3.95
1.3.6.1.4.1.351.110.4.3.1.1
1.3.6.1.4.1.9.9.840
1.3.6.1.4.1.9.9.529
1.3.6.1.4.1.9.9.300576
1.3.6.1.4.1.9.10.31
1.3.6.1.4.1.9.9.443
1.3.6.1.4.1.9.9.572
1.3.6.1.4.1.9.9.97
1.3.6.1.4.1.9.9.650
1.3.6.1.4.1.9.3.5
1.3.6.1.4.1.9.9.292
1.3.6.1.4.1.9.9.117
1.3.6.1.4.1.9.9.470
1.3.6.1.4.1.9.9.398
1.3.6.1.4.1.9.2.6
1.3.6.1.4.1.9.9.370
1.3.6.1.4.1.9.9.188
1.3.6.1.4.1.9.10.20000
1.3.6.1.4.1.9.9.763
1.3.6.1.4.1.9.9.263
1.3.6.1.4.1.9.9.493
1.3.6.1.4.1.9.9.778
1.3.6.1.4.1.351.110.5.2.10.1.1
1.3.6.1.4.1.9.9.165
1.3.6.1.4.1.3076.1.1.22.2
1.3.6.1.4.1.9.9.216
1.3.6.1.4.1.3076.1.1.50.1
1.3.6.1.4.1.9.9.272
1.3.6.1.4.1.353.5.3
1.3.6.1.4.1.9.9.231
1.3.6.1.4.1.9.3.2
1.3.6.1.4.1.3076.1.1.6.2
1.3.6.1.4.1.9.5.11
1.3.6.1.4.1.9.10.71
1.3.6.1.4.1.5591.1.11.5.1
1.3.6.1.4.1.9.9.318
1.3.6.1.4.1.9.9.841
1.3.6.1.4.1.255
1.3.6.1.4.1.351.110.6.1
1.3.6.1.4.1.9.9.450
1.3.6.1.4.1.9.9.484
1.3.6.1.4.1.9.9.737
1.3.6.1.4.1.351.140
1.3.6.1.4.1.9.9.18
1.3.6.1.4.1.9.9.816
1.3.6.1.4.1.9.9.171
1.3.6.1.4.1.9.9.583
1.3.6.1.4.1.9.9.463
1.3.6.1.4.1.9.9.145
1.3.6.1.4.1.9.7.9999
1.3.6.1.4.1.9.9.350
1.3.6.1.4.1.9.3.6
1.3.6.1.4.1.9.10.107
1.3.6.1.4.1.9.9.43
1.3.6.1.4.1.9.9.843
1.3.6.1.4.1.9.9.126
1.3.6.1.4.1.9.9.130
1.3.6.1.4.1.9.10.36
1.3.6.1.4.1.9.9.42.1.3.6
1.3.6.1.4.1.9.9.174
1.3.6.1.4.1.9.9.246
1.3.6.1.4.1.9.9.686
1.3.6.1.4.1.9.9.786
1.3.6.1.4.1.9.9.414
1.3.6.1.4.1.9.9.268
1.3.6.1.4.1.9.9.664
1.3.6.1.4.1.9.9.825
1.3.6.1.4.1.9.9.118
1.3.6.1.4.1.9.9.199
1.3.6.1.3.96
1.3.6.1.4.1.9.9.311
1.3.6.1.4.1.351.110.5.5.12
1.3.6.1.4.1.9.9.504
1.3.6.1.4.1.9.9.621
1.3.6.1.4.1.15007.1.1
1.3.6.1.2.1.10.127.7
1.3.6.1.4.1.9.9.359
1.3.6.1.4.1.9.9.302
1.3.6.1.4.1.9.12.3
1.3.6.1.4.1.9.9.498
1.3.6.1.4.1.9.9.321
1.3.6.1.4.1.9.9.30
1.3.6.1.4.1.351.110.4.1
1.3.6.1.4.1.9.9.400
1.3.6.1.2.1.1.3.0
1.3.6.1.4.1.351.150.20
1.3.6.1.4.1.351.150.1
1.3.6.1.4.1.9.9.39
1.3.6.1.4.1.351.150.25
1.3.6.1.4.1.9.9.22
1.3.6.1.4.1.9.9.756
1.3.6.1.4.1.9.9.81
1.3.6.1.4.1.9.9.776
1.3.6.1.4.1.9.9.256
1.3.6.1.4.1.9.9.84
1.3.6.1.4.1.9.10.137
1.3.6.1.4.1.4491.2.1.7
1.3.6.1.4.1.9.9.162
1.3.6.1.4.1.9.9.789
1.3.6.1.4.1.9.9.532
1.3.6.1.4.1.9.9.657
1.3.6.1.4.1.9.9.51
1.3.6.1.4.1.9.10.57
1.3.6.1.4.1.9.10.105
1.3.6.1.4.1.9.9.279
1.3.6.1.4.1.9.9.394
1.3.6.1.4.1.9.3.4
1.3.6.1.4.1.3076.1.1.30.2
1.3.6.1.4.1.9.9.334
1.3.6.1.4.1.9.9.710
1.3.6.1.4.1.9.9.711
1.3.6.1.4.1.9.3.1
1.3.6.1.4.1.9.10.140
1.3.6.1.4.1.9.9.468
1.3.6.1.4.1.9.10.40
1.3.6.1.4.1.9.9.724
1.3.6.1.4.1.9.12.6
1.3.6.1.4.1.9.10.119
1.3.6.1.4.1.3076.1.1.8.2
1.3.6.1.4.1.9.9.516
1.3.6.1.4.1.351.110.5.1.2.3
1.3.6.1.4.1.9.10.27
1.3.6.1.4.1.9.9.634
1.3.6.1.4.1.9.10.108
1.3.6.1.4.1.9.10.99999999
1.3.6.1.4.1.9.9.808
1.3.6.1.4.1.9.9.125
1.3.6.1.4.1.9.9.656
1.3.6.1.4.1.9.9.293
1.3.6.1.4.1.9.10.72
1.3.6.1.4.1.9.10.33
1.3.6.1.4.1.9.9.325
1.3.6.1.4.1.9.9.397
1.3.6.1.4.1.9.10.106
1.3.6.1.4.1.9.9.131
1.3.6.1.4.1.9.2.2
1.3.6.1.4.1.9.10.144
1.3.6.1.4.1.3076.1.1.21.2
1.3.6.1.4.1.9.9.829
1.3.6.1.4.1.9.10.134
1.3.6.1.4.1.9.9.513.4
1.3.6.1.4.1.3076.1.1.17.2
1.3.6.1.4.1.351.110.5.2.7.3.1
1.3.6.1.4.1.2252
1.3.6.1.4.1.351.110.5.5.6
1.3.6.1.4.1.9.9.429
1.3.6.1.4.1.9.9.72
1.3.6.1.4.1.9.9.735
1.3.6.1.4.1.9.9.333
1.3.6.1.4.1.9.1.2170
1.3.6.1.4.1.9.9.765
1.3.6.1.4.1.3076.1.1.23.2
1.3.6.1.4.1.9.9.253
1.3.6.1.4.1.9.9.98
1.3.6.1.4.1.5655.2.3
1.3.6.1.4.1.9.10.15
1.3.6.1.4.1.9.9.658
1.3.6.1.4.1.9.9.377
1.3.6.1.4.1.437
1.3.6.1.4.1.3076.1.1.39.2
1.3.6.1.4.1.14179.2
1.3.6.1.4.1.9.10.56
1.3.6.1.4.1.9.9.820
1.3.6.1.4.1.351.150.11
1.3.6.1.4.1.9.9.514
1.3.6.1.4.1.9.9.543
1.3.6.1.4.1.9.9.647
1.3.6.1.4.1.9.9.779
1.3.6.1.4.1.9.9.135
1.3.6.1.4.1.5591.1.11.5.4.1
1.3.6.1.4.1.9.9.628
1.3.6.1.4.1.351.110.5.5.8
1.3.6.1.4.1.9.10.66
1.3.6.1.4.1.9.10.128
1.3.6.1.4.1.9.10.55
1.3.6.1.4.1.9.9.323
1.3.6.1.4.1.9.9.669
1.3.6.1.4.1.9.9.509
1.3.6.1.4.1.9.9.630
1.3.6.1.4.1.3076.1.1.25.2
1.3.6.1.4.1.9.9.61
1.3.6.1.4.1.9.10.6
1.3.6.1.4.1.3076.1.1.10.2
1.3.6.1.4.1.9.9.714
1.3.6.1.4.1.9.9.497
1.3.6.1.4.1.9.9.480
1.3.6.1.4.1.9.9.757
1.3.6.1.4.1.4491.2.1.2
1.3.6.1.4.1.9.10.101
1.3.6.1.4.1.9.9.218
1.3.6.1.4.1.351.110.6.3
1.3.6.1.4.1.9.9.204
1.3.6.1.4.1.9.9.232
1.3.6.1.4.1.9.10.143
1.3.6.1.4.1.9.9.709
1.3.6.1.4.1.9.9.754
1.3.6.1.4.1.351.150.16
1.3.6.1.4.1.9.10.44
1.3.6.1.4.1.9.9.254.1.6.1
1.3.6.1.4.1.9.9.607
1.3.6.1.4.1.9.10.30
1.3.6.1.4.1.9.9.150
1.3.6.1.4.1.9.9.396
1.3.6.1.4.1.9.9.38
1.3.6.1.2.1.10.9999
1.3.6.1.4.1.9.9.806
1.3.6.1.4.1.9.9.60
1.3.6.1.4.1.9.9.632
1.3.6.1.4.1.351.110.2.1
1.3.6.1.4.1.351.130.1
1.3.6.1.4.1.9.9.437
1.3.6.1.4.1.9.9.600
1.3.6.1.4.1.9.9.393
1.3.6.1.4.1.9.10.109
1.3.6.1.4.1.5655.1.1
1.3.6.1.4.1.9.9.294
1.3.6.1.4.1.9.10.110
1.3.6.1.4.1.9.9.698
1.3.6.1.4.1.9.9.693
1.3.6.1.4.1.5591.1.11.5.3.1
1.3.6.1.4.1.351.110.5.2.8.1
1.3.6.1.4.1.9.9.56
1.3.6.1.4.1.14179
1.3.6.1.4.1.9.10.999999
1.3.6.1.4.1.9.10.133
1.3.6.1.4.1.9.9.156
1.3.6.1.4.1.351.150.22
1.3.6.1.4.1.9.10.86
1.3.6.1.4.1.9.2.9
1.3.6.1.4.1.9.9.114
1.3.6.1.4.1.9.9.644
1.3.6.1.4.1.9.9.26
1.3.6.1.4.1.9.9.252
1.3.6.1.4.1.9.9.586
1.3.6.1.4.1.3076.1.1.31.2
1.3.6.1.4.1.9.10.88
1.3.6.1.4.1.9.9.16
1.3.6.1.4.1.9.10.96
1.3.6.1.4.1.9.9.505
1.3.6.1.4.1.9.9.854
1.3.6.1.4.1.9.9.460
1.3.6.1.4.1.351.110.5.5.11
1.3.6.1.4.1.9.9.694
1.3.6.1.4.1.9.9.40
1.3.6.1.4.1.9.9.259
1.3.6.1.4.1.9.9.640
1.3.6.1.4.1.9.9.330
1.3.6.1.4.1.3076.1.1.2.1
1.3.6.1.4.1.9.9.276
1.3.6.1.4.1.9.9.734
1.3.6.1.4.1.9.9.690
1.3.6.1.4.1.9.9.358
1.3.6.1.4.1.9.9.804
1.3.6.1.4.1.9.9.409
1.3.6.1.4.1.9.9.809
1.3.6.1.4.1.9.9.668
1.3.6.1.4.1.9.9.744
1.3.6.1.4.1.9.9.643
1.3.6.1.4.1.9.9.28
1.3.6.1.4.1.9.9.662
1.3.6.1.4.1.9.9.736
1.3.6.1.4.1.9.7.502
1.3.6.1.4.1.9.9.170
1.0.8802.17.1.1
1.3.6.1.4.1.9.9.184
1.3.6.1.4.1.9.9.942
1.3.6.1.4.1.9.9.661
1.3.6.1.4.1.9.9.631
1.3.6.1.4.1.9.9.646
1.3.6.1.4.1.9.9.603
1.3.6.1.2.1.79
1.3.6.1.2.1.59
1.3.6.1.2.1.37.1.1
1.3.6.1.2.1.10.227
1.3.6.1.2.1.10.131
1.3.6.1.2.1.29
1.3.6.1.2.1.181
1.3.6.1.2.1.34.7
1.3.6.1.2.1.110
1.3.6.1.2.1.80
1.3.6.1.2.1.86
1.3.6.1.2.1.60
1.3.6.1.2.1.10.200
1.3.6.1.2.1.16.28
1.3.6.1.2.1.240
1.3.6.1.2.1.156
1.3.6.1.3.124
1.3.6.1.2.1.224
1.3.6.1.2.1.10.18
1.3.6.1.2.1.52.4
1.3.6.1.2.1.10.251.3
1.3.6.1.2.1.4.40
1.3.6.1.2.1.103
1.3.6.1.2.1.219
1.3.6.1.2.1.83
1.3.6.1.2.1.15
1.3.6.1.2.1.10.230
1.3.6.1.2.1.16.32
1.3.6.1.2.1.10.82
1.0.8802.1.1.2.1.5.4795
1.3.6.1.2.1.171
1.3.6.1.2.1.85
1.3.6.1.3.88
1.3.6.1.2.1.104
1.3.6.1.2.1.115
1.3.111.2.802.1.1.29
1.3.6.1.2.1.234
1.3.6.1.2.1.34.5
1.3.6.1.2.1.77
1.3.6.1.2.1.178
1.3.6.1.2.1.245
1.3.6.1.2.1.223
1.3.6.1.2.1.10.166.17
1.0.8802.1.1.3
1.3.6.1.2.1.10.229
1.3.6.1.2.1.146
1.3.6.1.2.1.151
1.3.6.1.2.1.16.26
1.3.6.1.2.1.172
1.3.6.1.2.1.173
1.3.6.1.2.1.10.166.15
1.3.6.1.2.1.221
1.3.6.1.2.1.145
1.3.6.1.2.1.150
1.3.6.1.2.1.236
1.3.111.2.802.1.1.15
1.3.6.1.2.1.130
1.3.6.1.2.1.47
1.3.6.1.2.1.10.23.2
1.3.6.1.6.3.14
1.3.6.1.2.1.177
1.3.6.1.4.1.2699.1.1
1.3.6.1.2.1.34.4
1.3.6.1.2.1.10.228
1.3.6.1.2.1.188
1.3.6.1.2.1.231
1.3.6.1.2.1.218
1.3.6.1.2.1.154
1.3.6.1.2.1.244
1.3.6.1.2.1.92
1.3.6.1.2.1.54
1.3.6.1.2.1.213
1.3.6.1.2.1.123
1.3.6.1.2.1.10.48
1.3.6.1.2.1.118
1.3.6.1.2.1.14.16
1.3.6.1.4.1.12325.1.2
1.3.6.1.2.1.10.9
1.3.6.1.2.1.174
1.3.111.2.802.1.1.30
1.3.6.1.6.3.13
1.3.6.1.2.1.205
1.3.6.1.2.1.10.81
1.3.6.1.2.1.10.133
1.3.111.2.802.1.1
1.3.6.1.2.1.168
1.3.6.1.2.1.137
1.3.6.1.2.1.4
1.3.6.1.2.1.10.238.2
1.3.6.1.2.1.10.238
1.3.6.1.2.1.14
1.3.6.1.4.1.12325.1.202
1.3.6.1.2.1.10.274
1.3.6.1.4.1.12325
1.3.6.1.2.1.16.1.2
1.3.6.1.2.1.127
1.3.6.1.2.1.216
1.3.6.1.2.1.76
1.3.6.1.2.1.148
1.3.6.1.2.1.55
1.3.6.1.2.1.105
1.3.6.1.2.1.187
1.3.6.1.4.1.12325.1.3
1.3.6.1.2.1.182
1.3.6.1.2.1.84
1.3.6.1.2.1.186
1.3.6.1.2.1.116
1.3.6.1.3.61
1.3.6.1.2.1.243
1.3.6.1.2.1.10.16
1.3.6.1.2.1.66
1.3.6.1.4.1.12325.1.200
1.3.111.2.802.1.1.21
1.3.6.1.4.1.12325.1.3.1
1.3.6.1.2.1.198
1.3.6.1.2.1.16.1.7
1.3.6.1.4.1.12325.1.1
1.3.6.1.2.1.96
1.3.6.1.2.1.7
1.3.6.1.2.1.16.19.15
1.3.6.1.2.1.194
1.3.6.1.2.1.193
1.3.6.1.2.1.120
1.3.6.1.2.1.16
1.3.6.1.2.1.107
1.3.6.1.2.1.18
1.3.6.1.2.1.152
1.3.111.2.802.1.1.13
1.3.6.1.2.1.10.23.3
1.3.6.1.2.1.75
1.3.6.1.2.1.13
1.3.6.1.2.1.230
1.3.6.1.2.1.162
1.3.6.1.2.1.128
1.3.6.1.2
1.3.6.1.2.1.108
1.3.6.1.2.1.72
1.3.6.1.2.1.10.45
1.3.6.1.2.1.144
1.3.6.1.2.1.37
1.3.6.1.2.1.81
1.3.6.1.2.1.194.1.1.2
1.3.6.1.6.3.11
1.3.6.1.2.1.2
1.3.6.1.2.1.87
1.3.6.1.2.1.10.30
1.3.6.1.2.1.232
1.3.6.1.2.1.196
1.3.6.1.3.123
1.3.6.1.2.1.6
1.3.111.2.802.1.1.22
1.3.6.1.3.101
1.3.6.1.2.1.10.134
1.3.6.1.2.1.121
1.3.6.1.2.1.228
1.3.6.1.2.1.142
1.3.6.1.2.1.10.47
1.3.6.1.2.1.176
1.3.111.2.802.1.1.18
1.3.6.1.2.1.175
1.3.6.1.2.1.52
1.3.6.1.2.1.10.94
1.3.6.1.2.1.179
1.3.6.1.2.1.24
1.3.6.1.2.1.206
1.3.6.1.6.1.6
1.3.6.1.2.1.73
1.3.6.1.2.1.95
1.3.6.1.2.1.10.21
1.3.6.1.2.1.10.32
1.3.6.1.2.1.57
1.3.6.1.2.1.38
1.3.6.1.2.1.33
1.3.6.1.2.1.63
1.3.6.1.2.1.89
1.3.6.1.2.1.117
1.3.6.1.2.1.160
1.3.6.1.2.1.16.29
1.3.6.1.2.1.34.8
1.3.6.1.2.1.101
1.3.6.1.2.1.10.46
1.3.111.2.802.1.1.24
1.3.6.1.2.1.40
1.3.6.1.2.1.229
1.3.6.1.2.1.10.275
1.3.6.1.2.1.10.273
1.3.6.1.2.1.111
1.3.6.1.2.1.185
1.3.111.2.802.1.1.17
1.3.6.1.6.3.16
1.3.6.1.2.1.44
1.3.6.1.2.1.1
1.3.6.1.2.1.191
1.3.6.1.2.1.10.166.10
1.3.6.1.3.6
1.3.6.1.2.1.10.23
1.3.6.1.2.1.113
1.3.6.1.2.1.100
1.3.6.1.2.1.242
1.3.6.1.2.1.167
1.3.6.1.2.1.190
1.3.6.1.2.1.131
1.3.6.1.2.1.215
1.3.6.1.2.1.34.4.0
1.3.6.1.2.1.64
1.3.6.1.2.1.264
1.3.6.1.2.1.164
1.3.6.1.2.1.67
1.3.6.1.2.1.217
1.3.6.1.2.1.207
1.3.6.1.2.1.139
1.3.6.1.2.1.10.44
1.3.6.1.2.1.220
1.3.6.1.2.1.10.166.19
1.3.6.1.2.1.10.39
1.3.6.1.2.1.10.31
1.3.6.1.2.1.41
1.3.6.1.2.1.10.34
1.3.6.1.2.1.106
1.3.6.1.2.1.10.95
1.3.6.1.2.1.34.9
1.3.6.1.2.1.10.94.3
1.3.6.1.2.1.65
1.3.6.1.2.1.200
1.3.6.1.2.1.126
1.3.6.1.2.1.93
1.3.6.1.4.1.12325.1
1.3.6.1.2.1.141
1.3.6.1.2.1.239
1.3.6.1.2.1.71
1.3.6.1.2.1.94
1.3.6.1.2.1.210
1.3.6.1.2.1.10.127.5
1.3.6.1.2.1.10.7.8
1.3.6.1.2.1.122
1.3.6.1.2.1.34
1.2
1.3.6.1.2.1.56
1.3.6.1.2.1.10.33
1.3.6.1.2.1.109
1.3.6.1.2.1.16.30
1.3.6.1.6.3.12
1.3.6.1.2.1.157
1.3.6.1.2.1.165
1.3.6.1.2.1.233
1.3.6.1.2.1.39
1.3.6.1.2.1.10.239
1.3.6.1.2.1.62
1.3.6.1.2.1.10.97
1.3.6.1.2.1.82
1.3.6.1.6.3.18
1.3.6.1.2.1.155
1.3.6.1.2.1.16.23
1.3.6.1.2.1.183
1.3.6.1.2.1.149
1.3.6.1.2.1.199
1.3.6.1.6.3.6
1.3.6.1.2.1.184
1.3.6.1.2.1.237
1.3.6.1.2.1.42
1.3.6.1.2.1.211
1.3.6.1.2.1.98
1.3.6.1.2.1.161
1.3.6.1.2.1.129
1.3.6.1.2.1.133
1.3.6.1.2.1.78
1.3.6.1.2.1.112
1.3.6.1.2.1.10.23.4
1.3.6.1.2.1.143
1.3.6.1.2.1.43
1.3.6.1.2.1.119
1.3.6.1.2.1.192
1.3.6.1.2.1.10.49
1.3.6.1.2.1.208
1.3.6.1.2.1.26
1.3.6.1.3.125
1.3.6.1.2.1.10.166.11
1.3.6.1.2.1.22
1.3.6.1.2.1.10.246
1.3.6.1.2.1.135
1.0.8802.1.1.2.1.5.4623
1.3.6.1.2.1.169
1.3.6.1.2.1.28
1.3.6.1.2.1.16.27
1.3.6.1.2.1.10.94.2
1.3.6.1.2.1.235
1.3.6.1.2.1.163
1.3.6.1.2.1.226
1.3.6.1.2.1.197
1.0.8802.1.1.1
1.3.6.1.2.1.49
1.3.111.2.802.1.1.14
1.3.6.1.2.1.99
1.3.6.1.2.1.91
1.3.6.1.2.1.102
1.3.6.1.2.1.114
1.3.6.1.6.3.10.1.2.4
1.3.6.1.2.1.23
1.3.6.1.2.1.159
1.3.6.1.2.1.10.276
1.3.6.1.2.1.10.166
1.3.6.1.2.1.37.1.14
1.3.6.1.2.1.10.166.18
1.3.6.1.2.1.241
1.3.6.1.2.1.136
1.3.6.1.2.1.10.166.8
1.3.6.1.2.1.16.31
1.0.8802.1.1.2
1.3.6.1.2.1.4.24
1.3.111.2.802.1.1.13.1.5.4623
1.3.6.1.2.1.170
1.3.111.2.802.1.1.20
1.3.6.1.2.1.10.166.2
1.3.6.1.2.1.58
1.3.6.1.3.62
1.3.6.1.2.1.10.251
1.3.6.1.2.1.61
1.3.6.1.2.1.68
1.3.6.1.2.1.10.127
1.3.6.1.2.1.227
1.3.6.1.2.1.10.20
1.3.6.1.2.1.158
1.3.6.1.4.1.4300.1
1.3.6.1.2.1.124
1.3.111.2.802.1.1.31
1.3.6.1.2.1.17
1.3.6.1.2.1.34.3
1.3.6.1.4.1.2
1.3.6.1.2.1.147
1.3.6.1.2.1.53
1.3.6.1.2.1.201
1.3.6.1.2.1.19
1.3.6.1.2.1.10.56
1.3.6.1.2.1.195
1.3.111.2.802.1.1.2
1.3.6.1.2.1.74
1.3.6.1.2.1.50
1.3.6.1.2.1.10.166.12
1.3.6.1.2.1.166
1.3.111.2.802.1.1.27
1.3.6.1.2.1.10.166.9
1.3.6.1.4.1.29671
1.3.6.1.4.1.9.6.1.101.91
1.3.6.1.4.1.9.6.1.101.149
1.3.6.1.4.1.9.6.1.101
1.3.6.1.4.1.9.6.1.101.82
1.3.6.1.4.1.9.6.1.101.90
1.3.6.1.4.1.9.6.1.101.212
1.3.6.1.4.1.9.6.1.101.89
1.3.6.1.4.1.9.6.1.101.146
1.3.6.1.4.1.9.6.1.101.49
1.3.6.1.4.1.9.6.1.101.2
1.3.6.1.4.1.9.6.1.101.66
1.3.6.1.4.1.9.6.1.101.96
1.3.6.1.4.1.9.6.1.101.128
1.3.6.1.4.1.9.6.1.101.145
1.3.6.1.4.1.9.6.1.101.74
1.3.6.1.4.1.9.6.1.101.101
1.3.6.1.4.1.9.6.1.101.50
1.3.6.1.4.1.9.6.1.101.218
1.3.6.1.4.1.9.6.1.101.61
1.3.6.1.4.1.9.6.1.101.114
1.3.6.1.4.1.9.6.1.101.103
